<?xml version="1.0" encoding="UTF-8"?>
<testsuite name="LanguageTest" tests="1" skipped="0" failures="0" errors="0" timestamp="2018-01-07T17:20:02" hostname="LAPTOP-CN4TD6JS" time="0.007">
  <properties/>
  <testcase name="testSqlDate" classname="LanguageTest" time="0.007"/>
  <system-out><![CDATA[
]]></system-out>
  <system-err><![CDATA[]]></system-err>
</testsuite>
