<?xml version="1.0" encoding="UTF-8"?>
<testsuite name="jms.notifications.NotificationsReceiverTest" tests="1" skipped="0" failures="0" errors="0" timestamp="2018-01-09T20:33:27" hostname="Cygnus.local" time="0.471">
  <properties/>
  <testcase name="receiveTest" classname="jms.notifications.NotificationsReceiverTest" time="0.471"/>
  <system-out><![CDATA[]]></system-out>
  <system-err><![CDATA[]]></system-err>
</testsuite>
